c:\users\wiela\documents\github\banksst01\customer\customer\debug\customer.pch
c:\users\wiela\documents\github\banksst01\customer\customer\debug\vc140.pdb
c:\users\wiela\documents\github\banksst01\customer\customer\debug\vc140.idb
c:\users\wiela\documents\github\banksst01\customer\customer\debug\stdafx.obj
c:\users\wiela\documents\github\banksst01\customer\customer\debug\customer.obj
c:\users\wiela\documents\github\banksst01\customer\customer\debug\dllmain.obj
c:\users\wiela\desktop\customer\customer\debug\customer.pch
c:\users\wiela\desktop\customer\customer\debug\vc140.pdb
c:\users\wiela\desktop\customer\customer\debug\vc140.idb
c:\users\wiela\desktop\customer\customer\debug\stdafx.obj
c:\users\wiela\desktop\customer\customer\debug\customer.obj
c:\users\wiela\desktop\customer\customer\debug\dllmain.obj
c:\users\wiela\desktop\componentmain\debug\customer.lib
c:\users\wiela\desktop\componentmain\debug\customer.exp
c:\users\wiela\desktop\componentmain\debug\customer.ilk
c:\users\wiela\desktop\componentmain\debug\customer.dll
c:\users\wiela\desktop\componentmain\debug\customer.pdb
c:\users\wiela\desktop\customer\customer\debug\customer.tlog\cl.command.1.tlog
c:\users\wiela\desktop\customer\customer\debug\customer.tlog\cl.read.1.tlog
c:\users\wiela\desktop\customer\customer\debug\customer.tlog\cl.write.1.tlog
c:\users\wiela\desktop\customer\customer\debug\customer.tlog\customer.write.1u.tlog
c:\users\wiela\desktop\customer\customer\debug\customer.tlog\link.command.1.tlog
c:\users\wiela\desktop\customer\customer\debug\customer.tlog\link.read.1.tlog
c:\users\wiela\desktop\customer\customer\debug\customer.tlog\link.write.1.tlog
